This file contains any messages produced by compilers while
running configure, to aid debugging if configure makes a mistake.

It was created by librcsc configure 4.1.0, which was
generated by GNU Autoconf 2.67.  Invocation command line was

  $ ./configure 

## --------- ##
## Platform. ##
## --------- ##

hostname = ubuntu-Lenovo
uname -m = x86_64
uname -r = 3.16.0-23-generic
uname -s = Linux
uname -v = #31-Ubuntu SMP Tue Oct 21 17:56:17 UTC 2014

/usr/bin/uname -p = unknown
/bin/uname -X     = unknown

/bin/arch              = unknown
/usr/bin/arch -k       = unknown
/usr/convex/getsysinfo = unknown
/usr/bin/hostinfo      = unknown
/bin/machine           = unknown
/usr/bin/oslevel       = unknown
/bin/universe          = unknown

PATH: /usr/local/sbin
PATH: /usr/local/bin
PATH: /usr/sbin
PATH: /usr/bin
PATH: /sbin
PATH: /bin


## ----------- ##
## Core tests. ##
## ----------- ##

configure:2692: checking for a BSD-compatible install
configure:2760: result: /usr/bin/install -c
configure:2771: checking whether build environment is sane
configure:2821: result: yes
configure:2962: checking for a thread-safe mkdir -p
configure:3001: result: /bin/mkdir -p
configure:3014: checking for gawk
configure:3044: result: no
configure:3014: checking for mawk
configure:3030: found /usr/bin/mawk
configure:3041: result: mawk
configure:3052: checking whether make sets $(MAKE)
configure:3074: result: yes
configure:3196: checking build system type
configure:3210: result: x86_64-unknown-linux-gnu
configure:3230: checking host system type
configure:3243: result: x86_64-unknown-linux-gnu
configure:3275: checking for style of include used by make
configure:3303: result: GNU
configure:3373: checking for gcc
configure:3389: found /usr/bin/gcc
configure:3400: result: gcc
configure:3629: checking for C compiler version
configure:3638: gcc --version >&5
gcc (Ubuntu 4.9.1-16ubuntu6) 4.9.1
Copyright (C) 2014 Free Software Foundation, Inc.
This is free software; see the source for copying conditions.  There is NO
warranty; not even for MERCHANTABILITY or FITNESS FOR A PARTICULAR PURPOSE.

configure:3649: $? = 0
configure:3638: gcc -v >&5
Using built-in specs.
COLLECT_GCC=gcc
COLLECT_LTO_WRAPPER=/usr/lib/gcc/x86_64-linux-gnu/4.9/lto-wrapper
Target: x86_64-linux-gnu
Configured with: ../src/configure -v --with-pkgversion='Ubuntu 4.9.1-16ubuntu6' --with-bugurl=file:///usr/share/doc/gcc-4.9/README.Bugs --enable-languages=c,c++,java,go,d,fortran,objc,obj-c++ --prefix=/usr --program-suffix=-4.9 --enable-shared --enable-linker-build-id --libexecdir=/usr/lib --without-included-gettext --enable-threads=posix --with-gxx-include-dir=/usr/include/c++/4.9 --libdir=/usr/lib --enable-nls --with-sysroot=/ --enable-clocale=gnu --enable-libstdcxx-debug --enable-libstdcxx-time=yes --enable-gnu-unique-object --disable-vtable-verify --enable-plugin --with-system-zlib --disable-browser-plugin --enable-java-awt=gtk --enable-gtk-cairo --with-java-home=/usr/lib/jvm/java-1.5.0-gcj-4.9-amd64/jre --enable-java-home --with-jvm-root-dir=/usr/lib/jvm/java-1.5.0-gcj-4.9-amd64 --with-jvm-jar-dir=/usr/lib/jvm-exports/java-1.5.0-gcj-4.9-amd64 --with-arch-directory=amd64 --with-ecj-jar=/usr/share/java/eclipse-ecj.jar --enable-objc-gc --enable-multiarch --disable-werror --with-arch-32=i686 --with-abi=m64 --with-multilib-list=m32,m64,mx32 --enable-multilib --with-tune=generic --enable-checking=release --build=x86_64-linux-gnu --host=x86_64-linux-gnu --target=x86_64-linux-gnu
Thread model: posix
gcc version 4.9.1 (Ubuntu 4.9.1-16ubuntu6) 
configure:3649: $? = 0
configure:3638: gcc -V >&5
gcc: error: unrecognized command line option '-V'
gcc: fatal error: no input files
compilation terminated.
configure:3649: $? = 4
configure:3638: gcc -qversion >&5
gcc: error: unrecognized command line option '-qversion'
gcc: fatal error: no input files
compilation terminated.
configure:3649: $? = 4
configure:3669: checking whether the C compiler works
configure:3691: gcc    conftest.c  >&5
configure:3695: $? = 0
configure:3743: result: yes
configure:3746: checking for C compiler default output file name
configure:3748: result: a.out
configure:3754: checking for suffix of executables
configure:3761: gcc -o conftest    conftest.c  >&5
configure:3765: $? = 0
configure:3787: result: 
configure:3809: checking whether we are cross compiling
configure:3817: gcc -o conftest    conftest.c  >&5
configure:3821: $? = 0
configure:3828: ./conftest
configure:3832: $? = 0
configure:3847: result: no
configure:3852: checking for suffix of object files
configure:3874: gcc -c   conftest.c >&5
configure:3878: $? = 0
configure:3899: result: o
configure:3903: checking whether we are using the GNU C compiler
configure:3922: gcc -c   conftest.c >&5
configure:3922: $? = 0
configure:3931: result: yes
configure:3940: checking whether gcc accepts -g
configure:3960: gcc -c -g  conftest.c >&5
configure:3960: $? = 0
configure:4001: result: yes
configure:4018: checking for gcc option to accept ISO C89
configure:4082: gcc  -c -g -O2  conftest.c >&5
configure:4082: $? = 0
configure:4095: result: none needed
configure:4117: checking dependency style of gcc
configure:4227: result: gcc3
configure:4242: checking for a sed that does not truncate output
configure:4306: result: /bin/sed
configure:4324: checking for grep that handles long lines and -e
configure:4382: result: /bin/grep
configure:4387: checking for egrep
configure:4449: result: /bin/grep -E
configure:4454: checking for fgrep
configure:4516: result: /bin/grep -F
configure:4551: checking for ld used by gcc
configure:4618: result: /usr/bin/ld
configure:4625: checking if the linker (/usr/bin/ld) is GNU ld
configure:4640: result: yes
configure:4652: checking for BSD- or MS-compatible name lister (nm)
configure:4701: result: /usr/bin/nm -B
configure:4819: checking the name lister (/usr/bin/nm -B) interface
configure:4826:  -c   conftest.cpp >&5
./configure: line 4827: -c: command not found
configure:4829: /usr/bin/nm -B "conftest.o"
/usr/bin/nm: 'conftest.o': No such file
configure:4832: output
configure:4839: result: BSD nm
configure:4842: checking whether ln -s works
configure:4846: result: yes
configure:4854: checking the maximum length of command line arguments
configure:4974: result: 1572864
configure:4991: checking whether the shell understands some XSI constructs
configure:5001: result: yes
configure:5005: checking whether the shell understands "+="
configure:5011: result: yes
configure:5046: checking for /usr/bin/ld option to reload object files
configure:5053: result: -r
configure:5122: checking for objdump
configure:5138: found /usr/bin/objdump
configure:5149: result: objdump
configure:5181: checking how to recognize dependent libraries
configure:5377: result: pass_all
configure:5437: checking for ar
configure:5453: found /usr/bin/ar
configure:5464: result: ar
configure:5542: checking for strip
configure:5558: found /usr/bin/strip
configure:5569: result: strip
configure:5641: checking for ranlib
configure:5657: found /usr/bin/ranlib
configure:5668: result: ranlib
configure:5758: checking command to parse /usr/bin/nm -B output from gcc object
configure:5876:  -c   conftest.cpp >&5
./configure: line 5877: -c: command not found
configure:5879: $? = 127
: failed program was:
#ifdef __cplusplus
extern "C" {
#endif
char nm_test_var;
void nm_test_func(void);
void nm_test_func(void){}
#ifdef __cplusplus
}
#endif
int main(){nm_test_var='a';nm_test_func();return(0);}
configure:5876:  -c   conftest.cpp >&5
./configure: line 5877: -c: command not found
configure:5879: $? = 127
: failed program was:
#ifdef __cplusplus
extern "C" {
#endif
char nm_test_var;
void nm_test_func(void);
void nm_test_func(void){}
#ifdef __cplusplus
}
#endif
int main(){nm_test_var='a';nm_test_func();return(0);}
configure:5978: result: failed
configure:6077:  -c   conftest.cpp >&5
./configure: line 6078: -c: command not found
configure:6080: $? = 127
configure:6790: checking how to run the C preprocessor
configure:6821: gcc -E  conftest.c
configure:6821: $? = 0
configure:6835: gcc -E  conftest.c
conftest.c:11:28: fatal error: ac_nonexistent.h: No such file or directory
 #include <ac_nonexistent.h>
                            ^
compilation terminated.
configure:6835: $? = 1
configure: failed program was:
| /* confdefs.h */
| #define PACKAGE_NAME "librcsc"
| #define PACKAGE_TARNAME "librcsc"
| #define PACKAGE_VERSION "4.1.0"
| #define PACKAGE_STRING "librcsc 4.1.0"
| #define PACKAGE_BUGREPORT "akky@users.sourceforge.jp"
| #define PACKAGE_URL ""
| #define PACKAGE "librcsc"
| #define VERSION "4.1.0"
| /* end confdefs.h.  */
| #include <ac_nonexistent.h>
configure:6860: result: gcc -E
configure:6880: gcc -E  conftest.c
configure:6880: $? = 0
configure:6894: gcc -E  conftest.c
conftest.c:11:28: fatal error: ac_nonexistent.h: No such file or directory
 #include <ac_nonexistent.h>
                            ^
compilation terminated.
configure:6894: $? = 1
configure: failed program was:
| /* confdefs.h */
| #define PACKAGE_NAME "librcsc"
| #define PACKAGE_TARNAME "librcsc"
| #define PACKAGE_VERSION "4.1.0"
| #define PACKAGE_STRING "librcsc 4.1.0"
| #define PACKAGE_BUGREPORT "akky@users.sourceforge.jp"
| #define PACKAGE_URL ""
| #define PACKAGE "librcsc"
| #define VERSION "4.1.0"
| /* end confdefs.h.  */
| #include <ac_nonexistent.h>
configure:6923: checking for ANSI C header files
configure:6943: gcc -c -g -O2  conftest.c >&5
configure:6943: $? = 0
configure:7016: gcc -o conftest -g -O2   conftest.c  >&5
configure:7016: $? = 0
configure:7016: ./conftest
configure:7016: $? = 0
configure:7027: result: yes
configure:7040: checking for sys/types.h
configure:7040: gcc -c -g -O2  conftest.c >&5
configure:7040: $? = 0
configure:7040: result: yes
configure:7040: checking for sys/stat.h
configure:7040: gcc -c -g -O2  conftest.c >&5
configure:7040: $? = 0
configure:7040: result: yes
configure:7040: checking for stdlib.h
configure:7040: gcc -c -g -O2  conftest.c >&5
configure:7040: $? = 0
configure:7040: result: yes
configure:7040: checking for string.h
configure:7040: gcc -c -g -O2  conftest.c >&5
configure:7040: $? = 0
configure:7040: result: yes
configure:7040: checking for memory.h
configure:7040: gcc -c -g -O2  conftest.c >&5
configure:7040: $? = 0
configure:7040: result: yes
configure:7040: checking for strings.h
configure:7040: gcc -c -g -O2  conftest.c >&5
configure:7040: $? = 0
configure:7040: result: yes
configure:7040: checking for inttypes.h
configure:7040: gcc -c -g -O2  conftest.c >&5
configure:7040: $? = 0
configure:7040: result: yes
configure:7040: checking for stdint.h
configure:7040: gcc -c -g -O2  conftest.c >&5
configure:7040: $? = 0
configure:7040: result: yes
configure:7040: checking for unistd.h
configure:7040: gcc -c -g -O2  conftest.c >&5
configure:7040: $? = 0
configure:7040: result: yes
configure:7054: checking for dlfcn.h
configure:7054: gcc -c -g -O2  conftest.c >&5
configure:7054: $? = 0
configure:7054: result: yes
configure:7236: checking for objdir
configure:7251: result: .libs
configure:7547: checking if gcc supports -fno-rtti -fno-exceptions
configure:7565: gcc -c -g -O2  -fno-rtti -fno-exceptions conftest.c >&5
cc1: warning: command line option '-fno-rtti' is valid for C++/ObjC++ but not for C
configure:7569: $? = 0
configure:7582: result: no
configure:7602: checking for gcc option to produce PIC
configure:7874: result: -fPIC -DPIC
configure:7886: checking if gcc PIC flag -fPIC -DPIC works
configure:7904: gcc -c -g -O2  -fPIC -DPIC -DPIC conftest.c >&5
configure:7908: $? = 0
configure:7921: result: yes
configure:7945: checking if gcc static flag -static works
configure:7973: result: yes
configure:7988: checking if gcc supports -c -o file.o
configure:8009: gcc -c -g -O2  -o out/conftest2.o conftest.c >&5
configure:8013: $? = 0
configure:8035: result: yes
configure:8043: checking if gcc supports -c -o file.o
configure:8090: result: yes
configure:8123: checking whether the gcc linker (/usr/bin/ld) supports shared libraries
configure:9114: result: yes
configure:9151: checking whether -lc should be explicitly linked in
configure:9156: gcc -c -g -O2  conftest.c >&5
configure:9159: $? = 0
configure:9174: gcc -shared conftest.o  -v -Wl,-soname -Wl,conftest -o conftest 2\>\&1 \| /bin/grep  -lc  \>/dev/null 2\>\&1
configure:9177: $? = 0
configure:9189: result: no
configure:9353: checking dynamic linker characteristics
configure:9786: gcc -o conftest -g -O2   -Wl,-rpath -Wl,/foo conftest.c  >&5
configure:9786: $? = 0
configure:10016: result: GNU/Linux ld.so
configure:10118: checking how to hardcode library paths into programs
configure:10143: result: immediate
configure:10663: checking whether stripping libraries is possible
configure:10668: result: yes
configure:10703: checking if libtool supports shared libraries
configure:10705: result: yes
configure:10708: checking whether to build shared libraries
configure:10729: result: yes
configure:10732: checking whether to build static libraries
configure:10736: result: no
configure:10831: checking for g++
configure:10847: found /usr/bin/g++
configure:10858: result: g++
configure:10885: checking for C++ compiler version
configure:10894: g++ --version >&5
g++ (Ubuntu 4.9.1-16ubuntu6) 4.9.1
Copyright (C) 2014 Free Software Foundation, Inc.
This is free software; see the source for copying conditions.  There is NO
warranty; not even for MERCHANTABILITY or FITNESS FOR A PARTICULAR PURPOSE.

configure:10905: $? = 0
configure:10894: g++ -v >&5
Using built-in specs.
COLLECT_GCC=g++
COLLECT_LTO_WRAPPER=/usr/lib/gcc/x86_64-linux-gnu/4.9/lto-wrapper
Target: x86_64-linux-gnu
Configured with: ../src/configure -v --with-pkgversion='Ubuntu 4.9.1-16ubuntu6' --with-bugurl=file:///usr/share/doc/gcc-4.9/README.Bugs --enable-languages=c,c++,java,go,d,fortran,objc,obj-c++ --prefix=/usr --program-suffix=-4.9 --enable-shared --enable-linker-build-id --libexecdir=/usr/lib --without-included-gettext --enable-threads=posix --with-gxx-include-dir=/usr/include/c++/4.9 --libdir=/usr/lib --enable-nls --with-sysroot=/ --enable-clocale=gnu --enable-libstdcxx-debug --enable-libstdcxx-time=yes --enable-gnu-unique-object --disable-vtable-verify --enable-plugin --with-system-zlib --disable-browser-plugin --enable-java-awt=gtk --enable-gtk-cairo --with-java-home=/usr/lib/jvm/java-1.5.0-gcj-4.9-amd64/jre --enable-java-home --with-jvm-root-dir=/usr/lib/jvm/java-1.5.0-gcj-4.9-amd64 --with-jvm-jar-dir=/usr/lib/jvm-exports/java-1.5.0-gcj-4.9-amd64 --with-arch-directory=amd64 --with-ecj-jar=/usr/share/java/eclipse-ecj.jar --enable-objc-gc --enable-multiarch --disable-werror --with-arch-32=i686 --with-abi=m64 --with-multilib-list=m32,m64,mx32 --enable-multilib --with-tune=generic --enable-checking=release --build=x86_64-linux-gnu --host=x86_64-linux-gnu --target=x86_64-linux-gnu
Thread model: posix
gcc version 4.9.1 (Ubuntu 4.9.1-16ubuntu6) 
configure:10905: $? = 0
configure:10894: g++ -V >&5
g++: error: unrecognized command line option '-V'
g++: fatal error: no input files
compilation terminated.
configure:10905: $? = 4
configure:10894: g++ -qversion >&5
g++: error: unrecognized command line option '-qversion'
g++: fatal error: no input files
compilation terminated.
configure:10905: $? = 4
configure:10909: checking whether we are using the GNU C++ compiler
configure:10928: g++ -c   conftest.cpp >&5
configure:10928: $? = 0
configure:10937: result: yes
configure:10946: checking whether g++ accepts -g
configure:10966: g++ -c -g  conftest.cpp >&5
configure:10966: $? = 0
configure:11007: result: yes
configure:11032: checking dependency style of g++
configure:11142: result: gcc3
configure:11165: checking how to run the C++ preprocessor
configure:11192: g++ -E  conftest.cpp
configure:11192: $? = 0
configure:11206: g++ -E  conftest.cpp
conftest.cpp:23:28: fatal error: ac_nonexistent.h: No such file or directory
 #include <ac_nonexistent.h>
                            ^
compilation terminated.
configure:11206: $? = 1
configure: failed program was:
| /* confdefs.h */
| #define PACKAGE_NAME "librcsc"
| #define PACKAGE_TARNAME "librcsc"
| #define PACKAGE_VERSION "4.1.0"
| #define PACKAGE_STRING "librcsc 4.1.0"
| #define PACKAGE_BUGREPORT "akky@users.sourceforge.jp"
| #define PACKAGE_URL ""
| #define PACKAGE "librcsc"
| #define VERSION "4.1.0"
| #define STDC_HEADERS 1
| #define HAVE_SYS_TYPES_H 1
| #define HAVE_SYS_STAT_H 1
| #define HAVE_STDLIB_H 1
| #define HAVE_STRING_H 1
| #define HAVE_MEMORY_H 1
| #define HAVE_STRINGS_H 1
| #define HAVE_INTTYPES_H 1
| #define HAVE_STDINT_H 1
| #define HAVE_UNISTD_H 1
| #define HAVE_DLFCN_H 1
| #define LT_OBJDIR ".libs/"
| /* end confdefs.h.  */
| #include <ac_nonexistent.h>
configure:11231: result: g++ -E
configure:11251: g++ -E  conftest.cpp
configure:11251: $? = 0
configure:11265: g++ -E  conftest.cpp
conftest.cpp:23:28: fatal error: ac_nonexistent.h: No such file or directory
 #include <ac_nonexistent.h>
                            ^
compilation terminated.
configure:11265: $? = 1
configure: failed program was:
| /* confdefs.h */
| #define PACKAGE_NAME "librcsc"
| #define PACKAGE_TARNAME "librcsc"
| #define PACKAGE_VERSION "4.1.0"
| #define PACKAGE_STRING "librcsc 4.1.0"
| #define PACKAGE_BUGREPORT "akky@users.sourceforge.jp"
| #define PACKAGE_URL ""
| #define PACKAGE "librcsc"
| #define VERSION "4.1.0"
| #define STDC_HEADERS 1
| #define HAVE_SYS_TYPES_H 1
| #define HAVE_SYS_STAT_H 1
| #define HAVE_STDLIB_H 1
| #define HAVE_STRING_H 1
| #define HAVE_MEMORY_H 1
| #define HAVE_STRINGS_H 1
| #define HAVE_INTTYPES_H 1
| #define HAVE_STDINT_H 1
| #define HAVE_UNISTD_H 1
| #define HAVE_DLFCN_H 1
| #define LT_OBJDIR ".libs/"
| /* end confdefs.h.  */
| #include <ac_nonexistent.h>
configure:11433: checking for ld used by g++
configure:11500: result: /usr/bin/ld
configure:11507: checking if the linker (/usr/bin/ld) is GNU ld
configure:11522: result: yes
configure:11577: checking whether the g++ linker (/usr/bin/ld) supports shared libraries
configure:12490: result: yes
configure:12518: g++ -c -g -O2  conftest.cpp >&5
configure:12521: $? = 0
configure:12703: checking for g++ option to produce PIC
configure:13020: result: -fPIC -DPIC
configure:13029: checking if g++ PIC flag -fPIC -DPIC works
configure:13047: g++ -c -g -O2  -fPIC -DPIC -DPIC conftest.cpp >&5
configure:13051: $? = 0
configure:13064: result: yes
configure:13085: checking if g++ static flag -static works
configure:13113: result: yes
configure:13125: checking if g++ supports -c -o file.o
configure:13146: g++ -c -g -O2  -o out/conftest2.o conftest.cpp >&5
configure:13150: $? = 0
configure:13172: result: yes
configure:13177: checking if g++ supports -c -o file.o
configure:13224: result: yes
configure:13254: checking whether the g++ linker (/usr/bin/ld) supports shared libraries
configure:13283: result: yes
configure:13420: checking dynamic linker characteristics
configure:13801: g++ -o conftest -g -O2   -Wl,-rpath -Wl,/foo conftest.cpp  >&5
configure:13801: $? = 0
configure:14031: result: GNU/Linux ld.so
configure:14082: checking how to hardcode library paths into programs
configure:14107: result: immediate
configure:14267: checking for C++ compiler version
configure:14276: g++ --version >&5
g++ (Ubuntu 4.9.1-16ubuntu6) 4.9.1
Copyright (C) 2014 Free Software Foundation, Inc.
This is free software; see the source for copying conditions.  There is NO
warranty; not even for MERCHANTABILITY or FITNESS FOR A PARTICULAR PURPOSE.

configure:14287: $? = 0
configure:14276: g++ -v >&5
Using built-in specs.
COLLECT_GCC=g++
COLLECT_LTO_WRAPPER=/usr/lib/gcc/x86_64-linux-gnu/4.9/lto-wrapper
Target: x86_64-linux-gnu
Configured with: ../src/configure -v --with-pkgversion='Ubuntu 4.9.1-16ubuntu6' --with-bugurl=file:///usr/share/doc/gcc-4.9/README.Bugs --enable-languages=c,c++,java,go,d,fortran,objc,obj-c++ --prefix=/usr --program-suffix=-4.9 --enable-shared --enable-linker-build-id --libexecdir=/usr/lib --without-included-gettext --enable-threads=posix --with-gxx-include-dir=/usr/include/c++/4.9 --libdir=/usr/lib --enable-nls --with-sysroot=/ --enable-clocale=gnu --enable-libstdcxx-debug --enable-libstdcxx-time=yes --enable-gnu-unique-object --disable-vtable-verify --enable-plugin --with-system-zlib --disable-browser-plugin --enable-java-awt=gtk --enable-gtk-cairo --with-java-home=/usr/lib/jvm/java-1.5.0-gcj-4.9-amd64/jre --enable-java-home --with-jvm-root-dir=/usr/lib/jvm/java-1.5.0-gcj-4.9-amd64 --with-jvm-jar-dir=/usr/lib/jvm-exports/java-1.5.0-gcj-4.9-amd64 --with-arch-directory=amd64 --with-ecj-jar=/usr/share/java/eclipse-ecj.jar --enable-objc-gc --enable-multiarch --disable-werror --with-arch-32=i686 --with-abi=m64 --with-multilib-list=m32,m64,mx32 --enable-multilib --with-tune=generic --enable-checking=release --build=x86_64-linux-gnu --host=x86_64-linux-gnu --target=x86_64-linux-gnu
Thread model: posix
gcc version 4.9.1 (Ubuntu 4.9.1-16ubuntu6) 
configure:14287: $? = 0
configure:14276: g++ -V >&5
g++: error: unrecognized command line option '-V'
g++: fatal error: no input files
compilation terminated.
configure:14287: $? = 4
configure:14276: g++ -qversion >&5
g++: error: unrecognized command line option '-qversion'
g++: fatal error: no input files
compilation terminated.
configure:14287: $? = 4
configure:14291: checking whether we are using the GNU C++ compiler
configure:14319: result: yes
configure:14328: checking whether g++ accepts -g
configure:14389: result: yes
configure:14414: checking dependency style of g++
configure:14524: result: gcc3
configure:14587: checking for gcc
configure:14614: result: gcc
configure:14843: checking for C compiler version
configure:14852: gcc --version >&5
gcc (Ubuntu 4.9.1-16ubuntu6) 4.9.1
Copyright (C) 2014 Free Software Foundation, Inc.
This is free software; see the source for copying conditions.  There is NO
warranty; not even for MERCHANTABILITY or FITNESS FOR A PARTICULAR PURPOSE.

configure:14863: $? = 0
configure:14852: gcc -v >&5
Using built-in specs.
COLLECT_GCC=gcc
COLLECT_LTO_WRAPPER=/usr/lib/gcc/x86_64-linux-gnu/4.9/lto-wrapper
Target: x86_64-linux-gnu
Configured with: ../src/configure -v --with-pkgversion='Ubuntu 4.9.1-16ubuntu6' --with-bugurl=file:///usr/share/doc/gcc-4.9/README.Bugs --enable-languages=c,c++,java,go,d,fortran,objc,obj-c++ --prefix=/usr --program-suffix=-4.9 --enable-shared --enable-linker-build-id --libexecdir=/usr/lib --without-included-gettext --enable-threads=posix --with-gxx-include-dir=/usr/include/c++/4.9 --libdir=/usr/lib --enable-nls --with-sysroot=/ --enable-clocale=gnu --enable-libstdcxx-debug --enable-libstdcxx-time=yes --enable-gnu-unique-object --disable-vtable-verify --enable-plugin --with-system-zlib --disable-browser-plugin --enable-java-awt=gtk --enable-gtk-cairo --with-java-home=/usr/lib/jvm/java-1.5.0-gcj-4.9-amd64/jre --enable-java-home --with-jvm-root-dir=/usr/lib/jvm/java-1.5.0-gcj-4.9-amd64 --with-jvm-jar-dir=/usr/lib/jvm-exports/java-1.5.0-gcj-4.9-amd64 --with-arch-directory=amd64 --with-ecj-jar=/usr/share/java/eclipse-ecj.jar --enable-objc-gc --enable-multiarch --disable-werror --with-arch-32=i686 --with-abi=m64 --with-multilib-list=m32,m64,mx32 --enable-multilib --with-tune=generic --enable-checking=release --build=x86_64-linux-gnu --host=x86_64-linux-gnu --target=x86_64-linux-gnu
Thread model: posix
gcc version 4.9.1 (Ubuntu 4.9.1-16ubuntu6) 
configure:14863: $? = 0
configure:14852: gcc -V >&5
gcc: error: unrecognized command line option '-V'
gcc: fatal error: no input files
compilation terminated.
configure:14863: $? = 4
configure:14852: gcc -qversion >&5
gcc: error: unrecognized command line option '-qversion'
gcc: fatal error: no input files
compilation terminated.
configure:14863: $? = 4
configure:14867: checking whether we are using the GNU C compiler
configure:14895: result: yes
configure:14904: checking whether gcc accepts -g
configure:14965: result: yes
configure:14982: checking for gcc option to accept ISO C89
configure:15059: result: none needed
configure:15081: checking dependency style of gcc
configure:15191: result: gcc3
configure:15211: checking how to run the C preprocessor
configure:15281: result: gcc -E
configure:15301: gcc -E  conftest.c
configure:15301: $? = 0
configure:15315: gcc -E  conftest.c
conftest.c:23:28: fatal error: ac_nonexistent.h: No such file or directory
 #include <ac_nonexistent.h>
                            ^
compilation terminated.
configure:15315: $? = 1
configure: failed program was:
| /* confdefs.h */
| #define PACKAGE_NAME "librcsc"
| #define PACKAGE_TARNAME "librcsc"
| #define PACKAGE_VERSION "4.1.0"
| #define PACKAGE_STRING "librcsc 4.1.0"
| #define PACKAGE_BUGREPORT "akky@users.sourceforge.jp"
| #define PACKAGE_URL ""
| #define PACKAGE "librcsc"
| #define VERSION "4.1.0"
| #define STDC_HEADERS 1
| #define HAVE_SYS_TYPES_H 1
| #define HAVE_SYS_STAT_H 1
| #define HAVE_STDLIB_H 1
| #define HAVE_STRING_H 1
| #define HAVE_MEMORY_H 1
| #define HAVE_STRINGS_H 1
| #define HAVE_INTTYPES_H 1
| #define HAVE_STDINT_H 1
| #define HAVE_UNISTD_H 1
| #define HAVE_DLFCN_H 1
| #define LT_OBJDIR ".libs/"
| /* end confdefs.h.  */
| #include <ac_nonexistent.h>
configure:15344: checking whether ln -s works
configure:15348: result: yes
configure:15355: checking whether make sets $(MAKE)
configure:15377: result: yes
configure:15391: checking for cos in -lm
configure:15416: g++ -o conftest -g -O2   conftest.cpp -lm   >&5
configure:15416: $? = 0
configure:15425: result: yes
configure:15434: checking for deflate in -lz
configure:15459: g++ -o conftest -g -O2   conftest.cpp -lz  -lm  >&5
configure:15459: $? = 0
configure:15468: result: yes
configure:15487: checking arpa/inet.h usability
configure:15487: g++ -c -g -O2  conftest.cpp >&5
configure:15487: $? = 0
configure:15487: result: yes
configure:15487: checking arpa/inet.h presence
configure:15487: g++ -E  conftest.cpp
configure:15487: $? = 0
configure:15487: result: yes
configure:15487: checking for arpa/inet.h
configure:15487: result: yes
configure:15499: checking fcntl.h usability
configure:15499: g++ -c -g -O2  conftest.cpp >&5
configure:15499: $? = 0
configure:15499: result: yes
configure:15499: checking fcntl.h presence
configure:15499: g++ -E  conftest.cpp
configure:15499: $? = 0
configure:15499: result: yes
configure:15499: checking for fcntl.h
configure:15499: result: yes
configure:15513: checking netinet/in.h usability
configure:15513: g++ -c -g -O2  conftest.cpp >&5
configure:15513: $? = 0
configure:15513: result: yes
configure:15513: checking netinet/in.h presence
configure:15513: g++ -E  conftest.cpp
configure:15513: $? = 0
configure:15513: result: yes
configure:15513: checking for netinet/in.h
configure:15513: result: yes
configure:15527: checking netdb.h usability
configure:15527: g++ -c -g -O2  conftest.cpp >&5
configure:15527: $? = 0
configure:15527: result: yes
configure:15527: checking netdb.h presence
configure:15527: g++ -E  conftest.cpp
configure:15527: $? = 0
configure:15527: result: yes
configure:15527: checking for netdb.h
configure:15527: result: yes
configure:15541: checking sys/socket.h usability
configure:15541: g++ -c -g -O2  conftest.cpp >&5
configure:15541: $? = 0
configure:15541: result: yes
configure:15541: checking sys/socket.h presence
configure:15541: g++ -E  conftest.cpp
configure:15541: $? = 0
configure:15541: result: yes
configure:15541: checking for sys/socket.h
configure:15541: result: yes
configure:15555: checking sys/time.h usability
configure:15555: g++ -c -g -O2  conftest.cpp >&5
configure:15555: $? = 0
configure:15555: result: yes
configure:15555: checking sys/time.h presence
configure:15555: g++ -E  conftest.cpp
configure:15555: $? = 0
configure:15555: result: yes
configure:15555: checking for sys/time.h
configure:15555: result: yes
configure:15569: checking for unistd.h
configure:15569: result: yes
configure:15586: checking for socklen_t
configure:15586: g++ -c -g -O2  conftest.cpp >&5
configure:15586: $? = 0
configure:15586: g++ -c -g -O2  conftest.cpp >&5
conftest.cpp: In function 'int main()':
conftest.cpp:40:23: error: expected primary-expression before ')' token
 if (sizeof ((socklen_t)))
                       ^
configure:15586: $? = 1
configure: failed program was:
| /* confdefs.h */
| #define PACKAGE_NAME "librcsc"
| #define PACKAGE_TARNAME "librcsc"
| #define PACKAGE_VERSION "4.1.0"
| #define PACKAGE_STRING "librcsc 4.1.0"
| #define PACKAGE_BUGREPORT "akky@users.sourceforge.jp"
| #define PACKAGE_URL ""
| #define PACKAGE "librcsc"
| #define VERSION "4.1.0"
| #define STDC_HEADERS 1
| #define HAVE_SYS_TYPES_H 1
| #define HAVE_SYS_STAT_H 1
| #define HAVE_STDLIB_H 1
| #define HAVE_STRING_H 1
| #define HAVE_MEMORY_H 1
| #define HAVE_STRINGS_H 1
| #define HAVE_INTTYPES_H 1
| #define HAVE_STDINT_H 1
| #define HAVE_UNISTD_H 1
| #define HAVE_DLFCN_H 1
| #define LT_OBJDIR ".libs/"
| #define HAVE_LIBZ 1
| #define HAVE_ARPA_INET_H 1
| #define HAVE_FCNTL_H 1
| #define HAVE_NETINET_IN_H 1
| #define HAVE_NETDB_H 1
| #define HAVE_SYS_SOCKET_H 1
| #define HAVE_SYS_TIME_H 1
| #define HAVE_UNISTD_H 1
| /* end confdefs.h.  */
| 
| #if HAVE_SYS_TYPES_H
| # include <sys/types.h>
| #endif
| #include <sys/socket.h>
| 
| int
| main ()
| {
| if (sizeof ((socklen_t)))
| 	    return 0;
|   ;
|   return 0;
| }
configure:15586: result: yes
configure:15610: checking for stdbool.h that conforms to C99
configure:15695: g++ -c -g -O2  conftest.cpp >&5
configure:15695: $? = 0
configure:15702: result: yes
configure:15704: checking for _Bool
configure:15704: g++ -c -g -O2  conftest.cpp >&5
conftest.cpp: In function 'int main()':
conftest.cpp:68:13: error: '_Bool' was not declared in this scope
 if (sizeof (_Bool))
             ^
configure:15704: $? = 1
configure: failed program was:
| /* confdefs.h */
| #define PACKAGE_NAME "librcsc"
| #define PACKAGE_TARNAME "librcsc"
| #define PACKAGE_VERSION "4.1.0"
| #define PACKAGE_STRING "librcsc 4.1.0"
| #define PACKAGE_BUGREPORT "akky@users.sourceforge.jp"
| #define PACKAGE_URL ""
| #define PACKAGE "librcsc"
| #define VERSION "4.1.0"
| #define STDC_HEADERS 1
| #define HAVE_SYS_TYPES_H 1
| #define HAVE_SYS_STAT_H 1
| #define HAVE_STDLIB_H 1
| #define HAVE_STRING_H 1
| #define HAVE_MEMORY_H 1
| #define HAVE_STRINGS_H 1
| #define HAVE_INTTYPES_H 1
| #define HAVE_STDINT_H 1
| #define HAVE_UNISTD_H 1
| #define HAVE_DLFCN_H 1
| #define LT_OBJDIR ".libs/"
| #define HAVE_LIBZ 1
| #define HAVE_ARPA_INET_H 1
| #define HAVE_FCNTL_H 1
| #define HAVE_NETINET_IN_H 1
| #define HAVE_NETDB_H 1
| #define HAVE_SYS_SOCKET_H 1
| #define HAVE_SYS_TIME_H 1
| #define HAVE_UNISTD_H 1
| #define HAVE_SOCKLEN_T 1
| /* end confdefs.h.  */
| #include <stdio.h>
| #ifdef HAVE_SYS_TYPES_H
| # include <sys/types.h>
| #endif
| #ifdef HAVE_SYS_STAT_H
| # include <sys/stat.h>
| #endif
| #ifdef STDC_HEADERS
| # include <stdlib.h>
| # include <stddef.h>
| #else
| # ifdef HAVE_STDLIB_H
| #  include <stdlib.h>
| # endif
| #endif
| #ifdef HAVE_STRING_H
| # if !defined STDC_HEADERS && defined HAVE_MEMORY_H
| #  include <memory.h>
| # endif
| # include <string.h>
| #endif
| #ifdef HAVE_STRINGS_H
| # include <strings.h>
| #endif
| #ifdef HAVE_INTTYPES_H
| # include <inttypes.h>
| #endif
| #ifdef HAVE_STDINT_H
| # include <stdint.h>
| #endif
| #ifdef HAVE_UNISTD_H
| # include <unistd.h>
| #endif
| int
| main ()
| {
| if (sizeof (_Bool))
| 	 return 0;
|   ;
|   return 0;
| }
configure:15704: result: no
configure:15720: checking for an ANSI C-conforming const
configure:15785: g++ -c -g -O2  conftest.cpp >&5
configure:15785: $? = 0
configure:15792: result: yes
configure:15800: checking for inline
configure:15816: g++ -c -g -O2  conftest.cpp >&5
configure:15816: $? = 0
configure:15824: result: inline
configure:15846: checking for size_t
configure:15846: g++ -c -g -O2  conftest.cpp >&5
configure:15846: $? = 0
configure:15846: g++ -c -g -O2  conftest.cpp >&5
conftest.cpp: In function 'int main()':
conftest.cpp:69:20: error: expected primary-expression before ')' token
 if (sizeof ((size_t)))
                    ^
configure:15846: $? = 1
configure: failed program was:
| /* confdefs.h */
| #define PACKAGE_NAME "librcsc"
| #define PACKAGE_TARNAME "librcsc"
| #define PACKAGE_VERSION "4.1.0"
| #define PACKAGE_STRING "librcsc 4.1.0"
| #define PACKAGE_BUGREPORT "akky@users.sourceforge.jp"
| #define PACKAGE_URL ""
| #define PACKAGE "librcsc"
| #define VERSION "4.1.0"
| #define STDC_HEADERS 1
| #define HAVE_SYS_TYPES_H 1
| #define HAVE_SYS_STAT_H 1
| #define HAVE_STDLIB_H 1
| #define HAVE_STRING_H 1
| #define HAVE_MEMORY_H 1
| #define HAVE_STRINGS_H 1
| #define HAVE_INTTYPES_H 1
| #define HAVE_STDINT_H 1
| #define HAVE_UNISTD_H 1
| #define HAVE_DLFCN_H 1
| #define LT_OBJDIR ".libs/"
| #define HAVE_LIBZ 1
| #define HAVE_ARPA_INET_H 1
| #define HAVE_FCNTL_H 1
| #define HAVE_NETINET_IN_H 1
| #define HAVE_NETDB_H 1
| #define HAVE_SYS_SOCKET_H 1
| #define HAVE_SYS_TIME_H 1
| #define HAVE_UNISTD_H 1
| #define HAVE_SOCKLEN_T 1
| #define HAVE_STDBOOL_H 1
| /* end confdefs.h.  */
| #include <stdio.h>
| #ifdef HAVE_SYS_TYPES_H
| # include <sys/types.h>
| #endif
| #ifdef HAVE_SYS_STAT_H
| # include <sys/stat.h>
| #endif
| #ifdef STDC_HEADERS
| # include <stdlib.h>
| # include <stddef.h>
| #else
| # ifdef HAVE_STDLIB_H
| #  include <stdlib.h>
| # endif
| #endif
| #ifdef HAVE_STRING_H
| # if !defined STDC_HEADERS && defined HAVE_MEMORY_H
| #  include <memory.h>
| # endif
| # include <string.h>
| #endif
| #ifdef HAVE_STRINGS_H
| # include <strings.h>
| #endif
| #ifdef HAVE_INTTYPES_H
| # include <inttypes.h>
| #endif
| #ifdef HAVE_STDINT_H
| # include <stdint.h>
| #endif
| #ifdef HAVE_UNISTD_H
| # include <unistd.h>
| #endif
| int
| main ()
| {
| if (sizeof ((size_t)))
| 	    return 0;
|   ;
|   return 0;
| }
configure:15846: result: yes
configure:15857: checking whether time.h and sys/time.h may both be included
configure:15877: g++ -c -g -O2  conftest.cpp >&5
configure:15877: $? = 0
configure:15884: result: yes
configure:15896: checking for ANSI C header files
configure:16000: result: yes
configure:16010: checking for stdlib.h
configure:16010: result: yes
configure:16020: checking for GNU libc compatible malloc
configure:16044: g++ -o conftest -g -O2   conftest.cpp -lz -lm  >&5
configure:16044: $? = 0
configure:16044: ./conftest
configure:16044: $? = 0
configure:16054: result: yes
configure:16077: checking for stdlib.h
configure:16077: result: yes
configure:16087: checking for GNU libc compatible realloc
configure:16111: g++ -o conftest -g -O2   conftest.cpp -lz -lm  >&5
configure:16111: $? = 0
configure:16111: ./conftest
configure:16111: $? = 0
configure:16121: result: yes
configure:16145: checking sys/select.h usability
configure:16145: g++ -c -g -O2  conftest.cpp >&5
configure:16145: $? = 0
configure:16145: result: yes
configure:16145: checking sys/select.h presence
configure:16145: g++ -E  conftest.cpp
configure:16145: $? = 0
configure:16145: result: yes
configure:16145: checking for sys/select.h
configure:16145: result: yes
configure:16145: checking for sys/socket.h
configure:16145: result: yes
configure:16155: checking types of arguments for select
configure:16183: g++ -c -g -O2  conftest.cpp >&5
configure:16183: $? = 0
configure:16194: result: int,fd_set *,struct timeval *
configure:16217: checking for working strtod
configure:16258: g++ -o conftest -g -O2   conftest.cpp -lz -lm  >&5
conftest.cpp: In function 'int main()':
conftest.cpp:86:20: warning: deprecated conversion from string constant to 'char*' [-Wwrite-strings]
     char *string = " +69";
                    ^
conftest.cpp:97:20: warning: deprecated conversion from string constant to 'char*' [-Wwrite-strings]
     char *string = "NaN";
                    ^
configure:16258: $? = 0
configure:16258: ./conftest
configure:16258: $? = 0
configure:16268: result: yes
configure:16332: checking for vprintf
configure:16332: g++ -o conftest -g -O2   conftest.cpp -lz -lm  >&5
configure:16332: $? = 0
configure:16332: result: yes
configure:16338: checking for _doprnt
configure:16338: g++ -o conftest -g -O2   conftest.cpp -lz -lm  >&5
/tmp/ccqUwwmu.o: In function `main':
/home/ubuntu/机器人技术实验/2d平台/install3.0For14.10/librcsc-4.1.0/conftest.cpp:79: undefined reference to `_doprnt'
collect2: error: ld returned 1 exit status
configure:16338: $? = 1
configure: failed program was:
| /* confdefs.h */
| #define PACKAGE_NAME "librcsc"
| #define PACKAGE_TARNAME "librcsc"
| #define PACKAGE_VERSION "4.1.0"
| #define PACKAGE_STRING "librcsc 4.1.0"
| #define PACKAGE_BUGREPORT "akky@users.sourceforge.jp"
| #define PACKAGE_URL ""
| #define PACKAGE "librcsc"
| #define VERSION "4.1.0"
| #define STDC_HEADERS 1
| #define HAVE_SYS_TYPES_H 1
| #define HAVE_SYS_STAT_H 1
| #define HAVE_STDLIB_H 1
| #define HAVE_STRING_H 1
| #define HAVE_MEMORY_H 1
| #define HAVE_STRINGS_H 1
| #define HAVE_INTTYPES_H 1
| #define HAVE_STDINT_H 1
| #define HAVE_UNISTD_H 1
| #define HAVE_DLFCN_H 1
| #define LT_OBJDIR ".libs/"
| #define HAVE_LIBZ 1
| #define HAVE_ARPA_INET_H 1
| #define HAVE_FCNTL_H 1
| #define HAVE_NETINET_IN_H 1
| #define HAVE_NETDB_H 1
| #define HAVE_SYS_SOCKET_H 1
| #define HAVE_SYS_TIME_H 1
| #define HAVE_UNISTD_H 1
| #define HAVE_SOCKLEN_T 1
| #define HAVE_STDBOOL_H 1
| #define TIME_WITH_SYS_TIME 1
| #define STDC_HEADERS 1
| #define HAVE_STDLIB_H 1
| #define HAVE_MALLOC 1
| #define HAVE_STDLIB_H 1
| #define HAVE_REALLOC 1
| #define HAVE_SYS_SELECT_H 1
| #define HAVE_SYS_SOCKET_H 1
| #define SELECT_TYPE_ARG1 int
| #define SELECT_TYPE_ARG234 (fd_set *)
| #define SELECT_TYPE_ARG5 (struct timeval *)
| #define HAVE_VPRINTF 1
| /* end confdefs.h.  */
| /* Define _doprnt to an innocuous variant, in case <limits.h> declares _doprnt.
|    For example, HP-UX 11i <limits.h> declares gettimeofday.  */
| #define _doprnt innocuous__doprnt
| 
| /* System header to define __stub macros and hopefully few prototypes,
|     which can conflict with char _doprnt (); below.
|     Prefer <limits.h> to <assert.h> if __STDC__ is defined, since
|     <limits.h> exists even on freestanding compilers.  */
| 
| #ifdef __STDC__
| # include <limits.h>
| #else
| # include <assert.h>
| #endif
| 
| #undef _doprnt
| 
| /* Override any GCC internal prototype to avoid an error.
|    Use char because int might match the return type of a GCC
|    builtin and then its argument prototype would still apply.  */
| #ifdef __cplusplus
| extern "C"
| #endif
| char _doprnt ();
| /* The GNU C library defines this for functions which it implements
|     to always fail with ENOSYS.  Some functions are actually named
|     something starting with __ and the normal name is an alias.  */
| #if defined __stub__doprnt || defined __stub____doprnt
| choke me
| #endif
| 
| int
| main ()
| {
| return _doprnt ();
|   ;
|   return 0;
| }
configure:16338: result: no
configure:16352: checking for floor
configure:16352: g++ -o conftest -g -O2   conftest.cpp -lz -lm  >&5
configure:16352: $? = 0
configure:16352: result: yes
configure:16352: checking for inet_addr
configure:16352: g++ -o conftest -g -O2   conftest.cpp -lz -lm  >&5
configure:16352: $? = 0
configure:16352: result: yes
configure:16352: checking for getaddrinfo
configure:16352: g++ -o conftest -g -O2   conftest.cpp -lz -lm  >&5
configure:16352: $? = 0
configure:16352: result: yes
configure:16352: checking for gethostbyname
configure:16352: g++ -o conftest -g -O2   conftest.cpp -lz -lm  >&5
configure:16352: $? = 0
configure:16352: result: yes
configure:16352: checking for gettimeofday
configure:16352: g++ -o conftest -g -O2   conftest.cpp -lz -lm  >&5
configure:16352: $? = 0
configure:16352: result: yes
configure:16364: checking for memset
configure:16364: g++ -o conftest -g -O2   conftest.cpp -lz -lm  >&5
configure:16364: $? = 0
configure:16364: result: yes
configure:16364: checking for pow
configure:16364: g++ -o conftest -g -O2   conftest.cpp -lz -lm  >&5
configure:16364: $? = 0
configure:16364: result: yes
configure:16364: checking for rint
configure:16364: g++ -o conftest -g -O2   conftest.cpp -lz -lm  >&5
configure:16364: $? = 0
configure:16364: result: yes
configure:16364: checking for select
configure:16364: g++ -o conftest -g -O2   conftest.cpp -lz -lm  >&5
configure:16364: $? = 0
configure:16364: result: yes
configure:16364: checking for socket
configure:16364: g++ -o conftest -g -O2   conftest.cpp -lz -lm  >&5
configure:16364: $? = 0
configure:16364: result: yes
configure:16364: checking for sqrt
configure:16364: g++ -o conftest -g -O2   conftest.cpp -lz -lm  >&5
configure:16364: $? = 0
configure:16364: result: yes
configure:16364: checking for strerror
configure:16364: g++ -o conftest -g -O2   conftest.cpp -lz -lm  >&5
configure:16364: $? = 0
configure:16364: result: yes
configure:16364: checking for strtol
configure:16364: g++ -o conftest -g -O2   conftest.cpp -lz -lm  >&5
configure:16364: $? = 0
configure:16364: result: yes
configure:16426: checking for boostlib >= 1.32.0
configure:16486: g++ -c -g -O2  -I/usr/include conftest.cpp >&5
configure:16486: $? = 0
configure:16488: result: yes
configure:16865: checking for doxygen
configure:16900: result: no
configure:16907: checking for dot
configure:16935: result: NO
configure:17098: creating ./config.status

## ---------------------- ##
## Running config.status. ##
## ---------------------- ##

This file was extended by librcsc config.status 4.1.0, which was
generated by GNU Autoconf 2.67.  Invocation command line was

  CONFIG_FILES    = 
  CONFIG_HEADERS  = 
  CONFIG_LINKS    = 
  CONFIG_COMMANDS = 
  $ ./config.status 

on ubuntu-Lenovo

config.status:1203: creating Doxyfile
config.status:1203: creating librcsc.pc
config.status:1203: creating librcsc.spec
config.status:1203: creating librcsc-config
config.status:1203: creating librcscenv
config.status:1203: creating Makefile
config.status:1203: creating rcsc/Makefile
config.status:1203: creating rcsc/ann/Makefile
config.status:1203: creating rcsc/geom/Makefile
config.status:1203: creating rcsc/geom/triangle/Makefile
config.status:1203: creating rcsc/gz/Makefile
config.status:1203: creating rcsc/monitor/Makefile
config.status:1203: creating rcsc/net/Makefile
config.status:1203: creating rcsc/param/Makefile
config.status:1203: creating rcsc/rcg/Makefile
config.status:1203: creating rcsc/time/Makefile
config.status:1203: creating rcsc/util/Makefile
config.status:1203: creating rcsc/common/Makefile
config.status:1203: creating rcsc/player/Makefile
config.status:1203: creating rcsc/action/Makefile
config.status:1203: creating rcsc/formation/Makefile
config.status:1203: creating rcsc/coach/Makefile
config.status:1203: creating rcsc/trainer/Makefile
config.status:1203: creating example/Makefile
config.status:1203: creating src/Makefile
config.status:1203: creating config.h
config.status:1383: config.h is unchanged
config.status:1431: executing depfiles commands
config.status:1431: executing libtool commands

## ---------------- ##
## Cache variables. ##
## ---------------- ##

ac_cv_build=x86_64-unknown-linux-gnu
ac_cv_c_compiler_gnu=yes
ac_cv_c_const=yes
ac_cv_c_inline=inline
ac_cv_cxx_compiler_gnu=yes
ac_cv_env_CCC_set=
ac_cv_env_CCC_value=
ac_cv_env_CC_set=
ac_cv_env_CC_value=
ac_cv_env_CFLAGS_set=
ac_cv_env_CFLAGS_value=
ac_cv_env_CPPFLAGS_set=
ac_cv_env_CPPFLAGS_value=
ac_cv_env_CPP_set=
ac_cv_env_CPP_value=
ac_cv_env_CXXCPP_set=
ac_cv_env_CXXCPP_value=
ac_cv_env_CXXFLAGS_set=
ac_cv_env_CXXFLAGS_value=
ac_cv_env_CXX_set=
ac_cv_env_CXX_value=
ac_cv_env_LDFLAGS_set=
ac_cv_env_LDFLAGS_value=
ac_cv_env_LIBS_set=
ac_cv_env_LIBS_value=
ac_cv_env_build_alias_set=
ac_cv_env_build_alias_value=
ac_cv_env_host_alias_set=
ac_cv_env_host_alias_value=
ac_cv_env_target_alias_set=
ac_cv_env_target_alias_value=
ac_cv_func__doprnt=no
ac_cv_func_floor=yes
ac_cv_func_getaddrinfo=yes
ac_cv_func_gethostbyname=yes
ac_cv_func_gettimeofday=yes
ac_cv_func_inet_addr=yes
ac_cv_func_malloc_0_nonnull=yes
ac_cv_func_memset=yes
ac_cv_func_pow=yes
ac_cv_func_realloc_0_nonnull=yes
ac_cv_func_rint=yes
ac_cv_func_select=yes
ac_cv_func_select_args='int,fd_set *,struct timeval *'
ac_cv_func_socket=yes
ac_cv_func_sqrt=yes
ac_cv_func_strerror=yes
ac_cv_func_strtod=yes
ac_cv_func_strtol=yes
ac_cv_func_vprintf=yes
ac_cv_header_arpa_inet_h=yes
ac_cv_header_dlfcn_h=yes
ac_cv_header_fcntl_h=yes
ac_cv_header_inttypes_h=yes
ac_cv_header_memory_h=yes
ac_cv_header_netdb_h=yes
ac_cv_header_netinet_in_h=yes
ac_cv_header_stdbool_h=yes
ac_cv_header_stdc=yes
ac_cv_header_stdint_h=yes
ac_cv_header_stdlib_h=yes
ac_cv_header_string_h=yes
ac_cv_header_strings_h=yes
ac_cv_header_sys_select_h=yes
ac_cv_header_sys_socket_h=yes
ac_cv_header_sys_stat_h=yes
ac_cv_header_sys_time_h=yes
ac_cv_header_sys_types_h=yes
ac_cv_header_time=yes
ac_cv_header_unistd_h=yes
ac_cv_host=x86_64-unknown-linux-gnu
ac_cv_lib_m_cos=yes
ac_cv_lib_z_deflate=yes
ac_cv_objext=o
ac_cv_path_EGREP='/bin/grep -E'
ac_cv_path_FGREP='/bin/grep -F'
ac_cv_path_GREP=/bin/grep
ac_cv_path_SED=/bin/sed
ac_cv_path_install='/usr/bin/install -c'
ac_cv_path_mkdir=/bin/mkdir
ac_cv_prog_AWK=mawk
ac_cv_prog_CPP='gcc -E'
ac_cv_prog_CXXCPP='g++ -E'
ac_cv_prog_HAVE_DOT=NO
ac_cv_prog_ac_ct_AR=ar
ac_cv_prog_ac_ct_CC=gcc
ac_cv_prog_ac_ct_CXX=g++
ac_cv_prog_ac_ct_OBJDUMP=objdump
ac_cv_prog_ac_ct_RANLIB=ranlib
ac_cv_prog_ac_ct_STRIP=strip
ac_cv_prog_cc_c89=
ac_cv_prog_cc_g=yes
ac_cv_prog_cxx_g=yes
ac_cv_prog_make_make_set=yes
ac_cv_type__Bool=no
ac_cv_type_size_t=yes
ac_cv_type_socklen_t=yes
am_cv_CC_dependencies_compiler_type=gcc3
am_cv_CXX_dependencies_compiler_type=gcc3
lt_cv_deplibs_check_method=pass_all
lt_cv_file_magic_cmd='$MAGIC_CMD'
lt_cv_file_magic_test_file=
lt_cv_ld_reload_flag=-r
lt_cv_nm_interface='BSD nm'
lt_cv_objdir=.libs
lt_cv_path_LD=/usr/bin/ld
lt_cv_path_LDCXX=/usr/bin/ld
lt_cv_path_NM='/usr/bin/nm -B'
lt_cv_prog_compiler_c_o=yes
lt_cv_prog_compiler_c_o_CXX=yes
lt_cv_prog_compiler_pic_works=yes
lt_cv_prog_compiler_pic_works_CXX=yes
lt_cv_prog_compiler_rtti_exceptions=no
lt_cv_prog_compiler_static_works=yes
lt_cv_prog_compiler_static_works_CXX=yes
lt_cv_prog_gnu_ld=yes
lt_cv_prog_gnu_ldcxx=yes
lt_cv_sys_global_symbol_pipe=
lt_cv_sys_global_symbol_to_c_name_address='sed -n -e '\''s/^: \([^ ]*\) $/  {\"\1\", (void *) 0},/p'\'' -e '\''s/^[ABCDGIRSTW]* \([^ ]*\) \([^ ]*\)$/  {"\2", (void *) \&\2},/p'\'''
lt_cv_sys_global_symbol_to_c_name_address_lib_prefix='sed -n -e '\''s/^: \([^ ]*\) $/  {\"\1\", (void *) 0},/p'\'' -e '\''s/^[ABCDGIRSTW]* \([^ ]*\) \(lib[^ ]*\)$/  {"\2", (void *) \&\2},/p'\'' -e '\''s/^[ABCDGIRSTW]* \([^ ]*\) \([^ ]*\)$/  {"lib\2", (void *) \&\2},/p'\'''
lt_cv_sys_global_symbol_to_cdecl=
lt_cv_sys_max_cmd_len=1572864

## ----------------- ##
## Output variables. ##
## ----------------- ##

ACLOCAL='${SHELL} /home/ubuntu/机器人技术实验/2d平台/install3.0For14.10/librcsc-4.1.0/config/missing --run aclocal-1.11'
AMDEPBACKSLASH='\'
AMDEP_FALSE='#'
AMDEP_TRUE=''
AMTAR='${SHELL} /home/ubuntu/机器人技术实验/2d平台/install3.0For14.10/librcsc-4.1.0/config/missing --run tar'
AR='ar'
AUTOCONF='${SHELL} /home/ubuntu/机器人技术实验/2d平台/install3.0For14.10/librcsc-4.1.0/config/missing --run autoconf'
AUTOHEADER='${SHELL} /home/ubuntu/机器人技术实验/2d平台/install3.0For14.10/librcsc-4.1.0/config/missing --run autoheader'
AUTOMAKE='${SHELL} /home/ubuntu/机器人技术实验/2d平台/install3.0For14.10/librcsc-4.1.0/config/missing --run automake-1.11'
AWK='mawk'
BOOST_CPPFLAGS='-I/usr/include'
BOOST_LDFLAGS='-L/usr/lib64'
BUILD_EXAMPLE_FALSE=''
BUILD_EXAMPLE_TRUE='#'
CC='gcc'
CCDEPMODE='depmode=gcc3'
CFLAGS='-g -O2'
CPP='gcc -E'
CPPFLAGS=' -I/usr/include'
CPPUNIT_CFLAGS=''
CPPUNIT_CONFIG=''
CPPUNIT_LIBS=''
CXX='g++'
CXXCPP='g++ -E'
CXXDEPMODE='depmode=gcc3'
CXXFLAGS='-g -O2'
CYGPATH_W='echo'
DEFS='-DHAVE_CONFIG_H'
DEPDIR='.deps'
DOXYGEN=''
DSYMUTIL=''
DUMPBIN=''
ECHO_C=''
ECHO_N='-n'
ECHO_T=''
EGREP='/bin/grep -E'
EXEEXT=''
FGREP='/bin/grep -F'
GREP='/bin/grep'
HAVE_DOT='NO'
INSTALL_DATA='${INSTALL} -m 644'
INSTALL_PROGRAM='${INSTALL}'
INSTALL_SCRIPT='${INSTALL}'
INSTALL_STRIP_PROGRAM='$(install_sh) -c -s'
LD='/usr/bin/ld'
LDFLAGS=' -L/usr/lib64'
LIBOBJS=''
LIBS='-lz -lm '
LIBTOOL='$(SHELL) $(top_builddir)/libtool'
LIBTOOL_DEPS='config/ltmain.sh'
LIPO=''
LN_S='ln -s'
LTLIBOBJS=''
MAKEINFO='${SHELL} /home/ubuntu/机器人技术实验/2d平台/install3.0For14.10/librcsc-4.1.0/config/missing --run makeinfo'
MKDIR_P='/bin/mkdir -p'
NM='/usr/bin/nm -B'
NMEDIT=''
OBJDUMP='objdump'
OBJEXT='o'
OTOOL64=''
OTOOL=''
PACKAGE='librcsc'
PACKAGE_BUGREPORT='akky@users.sourceforge.jp'
PACKAGE_NAME='librcsc'
PACKAGE_STRING='librcsc 4.1.0'
PACKAGE_TARNAME='librcsc'
PACKAGE_URL=''
PACKAGE_VERSION='4.1.0'
PATH_SEPARATOR=':'
POW_LIB=''
RANLIB='ranlib'
SED='/bin/sed'
SET_MAKE=''
SHELL='/bin/bash'
STRIP='strip'
UNIT_TEST_FALSE=''
UNIT_TEST_TRUE='#'
VERSION='4.1.0'
ac_ct_CC='gcc'
ac_ct_CXX='g++'
ac_ct_DUMPBIN=''
am__EXEEXT_FALSE=''
am__EXEEXT_TRUE='#'
am__fastdepCC_FALSE='#'
am__fastdepCC_TRUE=''
am__fastdepCXX_FALSE='#'
am__fastdepCXX_TRUE=''
am__include='include'
am__isrc=''
am__leading_dot='.'
am__quote=''
am__tar='${AMTAR} chof - "$$tardir"'
am__untar='${AMTAR} xf -'
bindir='${exec_prefix}/bin'
build='x86_64-unknown-linux-gnu'
build_alias=''
build_cpu='x86_64'
build_os='linux-gnu'
build_vendor='unknown'
datadir='${datarootdir}'
datarootdir='${prefix}/share'
docdir='${datarootdir}/doc/${PACKAGE_TARNAME}'
dvidir='${docdir}'
exec_prefix='${prefix}'
host='x86_64-unknown-linux-gnu'
host_alias=''
host_cpu='x86_64'
host_os='linux-gnu'
host_vendor='unknown'
htmldir='${docdir}'
includedir='${prefix}/include'
infodir='${datarootdir}/info'
install_sh='${SHELL} /home/ubuntu/机器人技术实验/2d平台/install3.0For14.10/librcsc-4.1.0/config/install-sh'
libdir='${exec_prefix}/lib'
libexecdir='${exec_prefix}/libexec'
localedir='${datarootdir}/locale'
localstatedir='${prefix}/var'
lt_ECHO='echo'
mandir='${datarootdir}/man'
mkdir_p='/bin/mkdir -p'
oldincludedir='/usr/include'
pdfdir='${docdir}'
prefix='/usr/local'
program_transform_name='s,x,x,'
psdir='${docdir}'
sbindir='${exec_prefix}/sbin'
sharedstatedir='${prefix}/com'
sysconfdir='${prefix}/etc'
target_alias=''

## ----------- ##
## confdefs.h. ##
## ----------- ##

/* confdefs.h */
#define PACKAGE_NAME "librcsc"
#define PACKAGE_TARNAME "librcsc"
#define PACKAGE_VERSION "4.1.0"
#define PACKAGE_STRING "librcsc 4.1.0"
#define PACKAGE_BUGREPORT "akky@users.sourceforge.jp"
#define PACKAGE_URL ""
#define PACKAGE "librcsc"
#define VERSION "4.1.0"
#define STDC_HEADERS 1
#define HAVE_SYS_TYPES_H 1
#define HAVE_SYS_STAT_H 1
#define HAVE_STDLIB_H 1
#define HAVE_STRING_H 1
#define HAVE_MEMORY_H 1
#define HAVE_STRINGS_H 1
#define HAVE_INTTYPES_H 1
#define HAVE_STDINT_H 1
#define HAVE_UNISTD_H 1
#define HAVE_DLFCN_H 1
#define LT_OBJDIR ".libs/"
#define HAVE_LIBZ 1
#define HAVE_ARPA_INET_H 1
#define HAVE_FCNTL_H 1
#define HAVE_NETINET_IN_H 1
#define HAVE_NETDB_H 1
#define HAVE_SYS_SOCKET_H 1
#define HAVE_SYS_TIME_H 1
#define HAVE_UNISTD_H 1
#define HAVE_SOCKLEN_T 1
#define HAVE_STDBOOL_H 1
#define TIME_WITH_SYS_TIME 1
#define STDC_HEADERS 1
#define HAVE_STDLIB_H 1
#define HAVE_MALLOC 1
#define HAVE_STDLIB_H 1
#define HAVE_REALLOC 1
#define HAVE_SYS_SELECT_H 1
#define HAVE_SYS_SOCKET_H 1
#define SELECT_TYPE_ARG1 int
#define SELECT_TYPE_ARG234 (fd_set *)
#define SELECT_TYPE_ARG5 (struct timeval *)
#define HAVE_VPRINTF 1
#define HAVE_FLOOR 1
#define HAVE_INET_ADDR 1
#define HAVE_GETADDRINFO 1
#define HAVE_GETHOSTBYNAME 1
#define HAVE_GETTIMEOFDAY 1
#define HAVE_MEMSET 1
#define HAVE_POW 1
#define HAVE_RINT 1
#define HAVE_SELECT 1
#define HAVE_SOCKET 1
#define HAVE_SQRT 1
#define HAVE_STRERROR 1
#define HAVE_STRTOL 1
#define HAVE_BOOST /**/

configure: exit 0
